
/Users/anya/Desktop/Twitter/twitter-frontend/node_modules/axios/dist/node/axios.cjs:1859
    reject(new AxiosError(
           ^
AxiosError: Request failed with status code 401
    at settle (/Users/anya/Desktop/Twitter/twitter-frontend/node_modules/axios/dist/node/axios.cjs:1859:12)
    at IncomingMessage.handleStreamEnd (/Users/anya/Desktop/Twitter/twitter-frontend/node_modules/axios/dist/node/axios.cjs:2723:11)
    at IncomingMessage.emit (node:events:525:35)
    at endReadableNT (node:internal/streams/readable:1359:12)
    at process.processTicksAndRejections (node:internal/process/task_queues:82:21) {
  code: 'ERR_BAD_REQUEST',
  config: {
    transitional: {
      silentJSONParsing: true,
      forcedJSONParsing: true,
      clarifyTimeoutError: false
    },
    adapter: [ 'xhr', 'http' ],
    transformRequest: [ [Function: transformRequest] ],
    transformResponse: [ [Function: transformResponse] ],
    timeout: 0,
    xsrfCookieName: 'XSRF-TOKEN',
    xsrfHeaderName: 'X-XSRF-TOKEN',
    maxContentLength: -1,
    maxBodyLength: -1,
    env: {
      FormData: [Function: FormData] {
        LINE_BREAK: '\r\n',
        DEFAULT_CONTENT_TYPE: 'application/octet-stream'
      },
      Blob: [class Blob]
    },
    validateStatus: [Function: validateStatus],
    headers: AxiosHeaders {
      Accept: 'application/json, text/plain, */*',
      'Content-Type': 'application/json',
      'User-Agent': 'axios/1.2.2',
      'Content-Length': '49',
      'Accept-Encoding': 'gzip, compress, deflate, br'
    },
    method: 'post',
    url: 'http:localhost:3000/users/login',
    data: '{"email":"anya@gmail.com","password":"passwordx"}'
  },
  request: <ref *3> ClientRequest {
    _events: [Object: null prototype] {
      abort: [Function (anonymous)],
      aborted: [Function (anonymous)],
      connect: [Function (anonymous)],
      error: [Function (anonymous)],
      socket: [Function (anonymous)],
      timeout: [Function (anonymous)],
      finish: [Function: requestOnFinish]
    },
    _eventsCount: 7,
    _maxListeners: undefined,
    outputData: [],
    outputSize: 0,
    writable: true,
    destroyed: true,
    _last: false,
    chunkedEncoding: false,
    shouldKeepAlive: true,
    maxRequestsOnConnectionReached: false,
    _defaultKeepAlive: true,
    useChunkedEncodingByDefault: true,
    sendDate: false,
    _removedConnection: false,
    _removedContLen: false,
    _removedTE: false,
    strictContentLength: false,
    _contentLength: '49',
    _hasBody: true,
    _trailer: '',
    finished: true,
    _headerSent: true,
    _closed: true,
    socket: <ref *1> Socket {
      connecting: false,
      _hadError: false,
      _parent: null,
      _host: 'localhost',
      _closeAfterHandlingError: false,
      _readableState: ReadableState {
        objectMode: false,
        highWaterMark: 16384,
        buffer: BufferList { head: null, tail: null, length: 0 },
        length: 0,
        pipes: [],
        flowing: true,
        ended: false,
        endEmitted: false,
        reading: true,
        constructed: true,
        sync: false,
        needReadable: true,
        emittedReadable: false,
        readableListening: false,
        resumeScheduled: false,
        errorEmitted: false,
        emitClose: false,
        autoDestroy: true,
        destroyed: false,
        errored: null,
        closed: false,
        closeEmitted: false,
        defaultEncoding: 'utf8',
        awaitDrainWriters: null,
        multiAwaitDrain: false,
        readingMore: false,
        dataEmitted: true,
        decoder: null,
        encoding: null,
        [Symbol(kPaused)]: false
      },
      _events: [Object: null prototype] {
        end: [Function: onReadableStreamEnd],
        free: [Function: onFree],
        close: [Function: onClose],
        timeout: [Function: onTimeout],
        agentRemove: [Function: onRemove],
        error: [Function: bound onceWrapper] {
          listener: [Function: freeSocketErrorListener]
        }
      },
      _eventsCount: 6,
      _maxListeners: undefined,
      _writableState: WritableState {
        objectMode: false,
        highWaterMark: 16384,
        finalCalled: false,
        needDrain: false,
        ending: false,
        ended: false,
        finished: false,
        destroyed: false,
        decodeStrings: false,
        defaultEncoding: 'utf8',
        length: 0,
        writing: false,
        corked: 0,
        sync: false,
        bufferProcessing: false,
        onwrite: [Function: bound onwrite],
        writecb: null,
        writelen: 0,
        afterWriteTickInfo: null,
        buffered: [],
        bufferedIndex: 0,
        allBuffers: true,
        allNoop: true,
        pendingcb: 0,
        constructed: true,
        prefinished: false,
        errorEmitted: false,
        emitClose: false,
        autoDestroy: true,
        errored: null,
        closed: false,
        closeEmitted: false,
        [Symbol(kOnFinished)]: []
      },
      allowHalfOpen: false,
      _sockname: null,
      _pendingData: null,
      _pendingEncoding: '',
      server: null,
      _server: null,
      timeout: 5000,
      parser: null,
      _httpMessage: null,
      [Symbol(async_id_symbol)]: -1,
      [Symbol(kHandle)]: TCP {
        reading: true,
        onconnection: null,
        [Symbol(owner_symbol)]: [Circular *1]
      },
      [Symbol(lastWriteQueueSize)]: 0,
      [Symbol(timeout)]: <ref *2> Timeout {
        _idleTimeout: 5000,
        _idlePrev: TimersList {
          _idleNext: [Circular *2],
          _idlePrev: [Circular *2],
          expiry: 5058,
          id: -9007199254740991,
          msecs: 5000,
          priorityQueuePosition: 1
        },
        _idleNext: TimersList {
          _idleNext: [Circular *2],
          _idlePrev: [Circular *2],
          expiry: 5058,
          id: -9007199254740991,
          msecs: 5000,
          priorityQueuePosition: 1
        },
        _idleStart: 115,
        _onTimeout: [Function: bound ],
        _timerArgs: undefined,
        _repeat: null,
        _destroyed: false,
        [Symbol(refed)]: false,
        [Symbol(kHasPrimitive)]: false,
        [Symbol(asyncId)]: 22,
        [Symbol(triggerId)]: 20
      },
      [Symbol(kBuffer)]: null,
      [Symbol(kBufferCb)]: null,
      [Symbol(kBufferGen)]: null,
      [Symbol(kCapture)]: false,
      [Symbol(kSetNoDelay)]: true,
      [Symbol(kSetKeepAlive)]: true,
      [Symbol(kSetKeepAliveInitialDelay)]: 1,
      [Symbol(kBytesRead)]: 0,
      [Symbol(kBytesWritten)]: 0
    },
    _header: 'POST /users/login HTTP/1.1\r\n' +
      'Accept: application/json, text/plain, */*\r\n' +
      'Content-Type: application/json\r\n' +
      'User-Agent: axios/1.2.2\r\n' +
      'Content-Length: 49\r\n' +
      'Accept-Encoding: gzip, compress, deflate, br\r\n' +
      'Host: localhost:3000\r\n' +
      'Connection: keep-alive\r\n' +
      '\r\n',
    _keepAliveTimeout: 0,
    _onPendingData: [Function: nop],
    agent: Agent {
      _events: [Object: null prototype] {
        free: [Function (anonymous)],
        newListener: [Function: maybeEnableKeylog]
      },
      _eventsCount: 2,
      _maxListeners: undefined,
      defaultPort: 80,
      protocol: 'http:',
      options: [Object: null prototype] {
        keepAlive: true,
        scheduling: 'lifo',
        timeout: 5000,
        noDelay: true,
        path: null
      },
      requests: [Object: null prototype] {},
      sockets: [Object: null prototype] {},
      freeSockets: [Object: null prototype] {
        'localhost:3000:': [
          <ref *1> Socket {
            connecting: false,
            _hadError: false,
            _parent: null,
            _host: 'localhost',
            _closeAfterHandlingError: false,
            _readableState: [ReadableState],
            _events: [Object: null prototype],
            _eventsCount: 6,
            _maxListeners: undefined,
            _writableState: [WritableState],
            allowHalfOpen: false,
            _sockname: null,
            _pendingData: null,
            _pendingEncoding: '',
            server: null,
            _server: null,
            timeout: 5000,
            parser: null,
            _httpMessage: null,
            [Symbol(async_id_symbol)]: -1,
            [Symbol(kHandle)]: [TCP],
            [Symbol(lastWriteQueueSize)]: 0,
            [Symbol(timeout)]: [Timeout],
            [Symbol(kBuffer)]: null,
            [Symbol(kBufferCb)]: null,
            [Symbol(kBufferGen)]: null,
            [Symbol(kCapture)]: false,
            [Symbol(kSetNoDelay)]: true,
            [Symbol(kSetKeepAlive)]: true,
            [Symbol(kSetKeepAliveInitialDelay)]: 1,
            [Symbol(kBytesRead)]: 0,
            [Symbol(kBytesWritten)]: 0
          }
        ]
      },
      keepAliveMsecs: 1000,
      keepAlive: true,
      maxSockets: Infinity,
      maxFreeSockets: 256,
      scheduling: 'lifo',
      maxTotalSockets: Infinity,
      totalSocketCount: 1,
      [Symbol(kCapture)]: false
    },
    socketPath: undefined,
    method: 'POST',
    maxHeaderSize: undefined,
    insecureHTTPParser: undefined,
    path: '/users/login',
    _ended: true,
    res: IncomingMessage {
      _readableState: ReadableState {
        objectMode: false,
        highWaterMark: 16384,
        buffer: BufferList { head: null, tail: null, length: 0 },
        length: 0,
        pipes: [],
        flowing: true,
        ended: true,
        endEmitted: true,
        reading: false,
        constructed: true,
        sync: true,
        needReadable: false,
        emittedReadable: false,
        readableListening: false,
        resumeScheduled: false,
        errorEmitted: false,
        emitClose: true,
        autoDestroy: true,
        destroyed: true,
        errored: null,
        closed: true,
        closeEmitted: true,
        defaultEncoding: 'utf8',
        awaitDrainWriters: null,
        multiAwaitDrain: false,
        readingMore: true,
        dataEmitted: true,
        decoder: null,
        encoding: null,
        [Symbol(kPaused)]: false
      },
      _events: [Object: null prototype] {
        end: [ [Function: responseOnEnd], [Function: handleStreamEnd] ],
        error: [Function: handleStreamError],
        data: [Function: handleStreamData],
        aborted: [Function: handlerStreamAborted]
      },
      _eventsCount: 4,
      _maxListeners: undefined,
      socket: null,
      httpVersionMajor: 1,
      httpVersionMinor: 1,
      httpVersion: '1.1',
      complete: true,
      rawHeaders: [
        'X-Powered-By',
        'Express',
        'Access-Control-Allow-Origin',
        '*',
        'Content-Type',
        'application/json; charset=utf-8',
        'Content-Length',
        '26',
        'ETag',
        'W/"1a-uFcJ9RiXMWeHF66JNghVckzTmcM"',
        'Date',
        'Thu, 19 Jan 2023 02:32:30 GMT',
        'Connection',
        'keep-alive',
        'Keep-Alive',
        'timeout=5'
      ],
      rawTrailers: [],
      aborted: false,
      upgrade: false,
      url: '',
      method: null,
      statusCode: 401,
      statusMessage: 'Unauthorized',
      client: <ref *1> Socket {
        connecting: false,
        _hadError: false,
        _parent: null,
        _host: 'localhost',
        _closeAfterHandlingError: false,
        _readableState: ReadableState {
          objectMode: false,
          highWaterMark: 16384,
          buffer: BufferList { head: null, tail: null, length: 0 },
          length: 0,
          pipes: [],
          flowing: true,
          ended: false,
          endEmitted: false,
          reading: true,
          constructed: true,
          sync: false,
          needReadable: true,
          emittedReadable: false,
          readableListening: false,
          resumeScheduled: false,
          errorEmitted: false,
          emitClose: false,
          autoDestroy: true,
          destroyed: false,
          errored: null,
          closed: false,
          closeEmitted: false,
          defaultEncoding: 'utf8',
          awaitDrainWriters: null,
          multiAwaitDrain: false,
          readingMore: false,
          dataEmitted: true,
          decoder: null,
          encoding: null,
          [Symbol(kPaused)]: false
        },
        _events: [Object: null prototype] {
          end: [Function: onReadableStreamEnd],
          free: [Function: onFree],
          close: [Function: onClose],
          timeout: [Function: onTimeout],
          agentRemove: [Function: onRemove],
          error: [Function: bound onceWrapper] {
            listener: [Function: freeSocketErrorListener]
          }
        },
        _eventsCount: 6,
        _maxListeners: undefined,
        _writableState: WritableState {
          objectMode: false,
          highWaterMark: 16384,
          finalCalled: false,
          needDrain: false,
          ending: false,
          ended: false,
          finished: false,
          destroyed: false,
          decodeStrings: false,
          defaultEncoding: 'utf8',
          length: 0,
          writing: false,
          corked: 0,
          sync: false,
          bufferProcessing: false,
          onwrite: [Function: bound onwrite],
          writecb: null,
          writelen: 0,
          afterWriteTickInfo: null,
          buffered: [],
          bufferedIndex: 0,
          allBuffers: true,
          allNoop: true,
          pendingcb: 0,
          constructed: true,
          prefinished: false,
          errorEmitted: false,
          emitClose: false,
          autoDestroy: true,
          errored: null,
          closed: false,
          closeEmitted: false,
          [Symbol(kOnFinished)]: []
        },
        allowHalfOpen: false,
        _sockname: null,
        _pendingData: null,
        _pendingEncoding: '',
        server: null,
        _server: null,
        timeout: 5000,
        parser: null,
        _httpMessage: null,
        [Symbol(async_id_symbol)]: -1,
        [Symbol(kHandle)]: TCP {
          reading: true,
          onconnection: null,
          [Symbol(owner_symbol)]: [Circular *1]
        },
        [Symbol(lastWriteQueueSize)]: 0,
        [Symbol(timeout)]: <ref *2> Timeout {
          _idleTimeout: 5000,
          _idlePrev: TimersList {
            _idleNext: [Circular *2],
            _idlePrev: [Circular *2],
            expiry: 5058,
            id: -9007199254740991,
            msecs: 5000,
            priorityQueuePosition: 1
          },
          _idleNext: TimersList {
            _idleNext: [Circular *2],
            _idlePrev: [Circular *2],
            expiry: 5058,
            id: -9007199254740991,
            msecs: 5000,
            priorityQueuePosition: 1
          },
          _idleStart: 115,
          _onTimeout: [Function: bound ],
          _timerArgs: undefined,
          _repeat: null,
          _destroyed: false,
          [Symbol(refed)]: false,
          [Symbol(kHasPrimitive)]: false,
          [Symbol(asyncId)]: 22,
          [Symbol(triggerId)]: 20
        },
        [Symbol(kBuffer)]: null,
        [Symbol(kBufferCb)]: null,
        [Symbol(kBufferGen)]: null,
        [Symbol(kCapture)]: false,
        [Symbol(kSetNoDelay)]: true,
        [Symbol(kSetKeepAlive)]: true,
        [Symbol(kSetKeepAliveInitialDelay)]: 1,
        [Symbol(kBytesRead)]: 0,
        [Symbol(kBytesWritten)]: 0
      },
      _consuming: false,
      _dumped: false,
      req: [Circular *3],
      responseUrl: 'http://localhost:3000/users/login',
      redirects: [],
      [Symbol(kCapture)]: false,
      [Symbol(kHeaders)]: {
        'x-powered-by': 'Express',
        'access-control-allow-origin': '*',
        'content-type': 'application/json; charset=utf-8',
        'content-length': '26',
        etag: 'W/"1a-uFcJ9RiXMWeHF66JNghVckzTmcM"',
        date: 'Thu, 19 Jan 2023 02:32:30 GMT',
        connection: 'keep-alive',
        'keep-alive': 'timeout=5'
      },
      [Symbol(kHeadersCount)]: 16,
      [Symbol(kTrailers)]: null,
      [Symbol(kTrailersCount)]: 0
    },
    aborted: false,
    timeoutCb: null,
    upgradeOrConnect: false,
    parser: null,
    maxHeadersCount: null,
    reusedSocket: false,
    host: 'localhost',
    protocol: 'http:',
    _redirectable: Writable {
      _writableState: WritableState {
        objectMode: false,
        highWaterMark: 16384,
        finalCalled: false,
        needDrain: false,
        ending: false,
        ended: false,
        finished: false,
        destroyed: false,
        decodeStrings: true,
        defaultEncoding: 'utf8',
        length: 0,
        writing: false,
        corked: 0,
        sync: true,
        bufferProcessing: false,
        onwrite: [Function: bound onwrite],
        writecb: null,
        writelen: 0,
        afterWriteTickInfo: null,
        buffered: [],
        bufferedIndex: 0,
        allBuffers: true,
        allNoop: true,
        pendingcb: 0,
        constructed: true,
        prefinished: false,
        errorEmitted: false,
        emitClose: true,
        autoDestroy: true,
        errored: null,
        closed: false,
        closeEmitted: false,
        [Symbol(kOnFinished)]: []
      },
      _events: [Object: null prototype] {
        response: [Function: handleResponse],
        error: [Function: handleRequestError],
        socket: [Function: handleRequestSocket]
      },
      _eventsCount: 3,
      _maxListeners: undefined,
      _options: {
        maxRedirects: 21,
        maxBodyLength: Infinity,
        protocol: 'http:',
        path: '/users/login',
        method: 'POST',
        headers: [Object: null prototype] {
          Accept: 'application/json, text/plain, */*',
          'Content-Type': 'application/json',
          'User-Agent': 'axios/1.2.2',
          'Content-Length': '49',
          'Accept-Encoding': 'gzip, compress, deflate, br'
        },
        agents: { http: undefined, https: undefined },
        auth: undefined,
        beforeRedirect: [Function: dispatchBeforeRedirect],
        beforeRedirects: { proxy: [Function: beforeRedirect] },
        hostname: 'localhost',
        port: '3000',
        agent: undefined,
        nativeProtocols: {
          'http:': {
            _connectionListener: [Function: connectionListener],
            METHODS: [Array],
            STATUS_CODES: [Object],
            Agent: [Function],
            ClientRequest: [Function: ClientRequest],
            IncomingMessage: [Function: IncomingMessage],
            OutgoingMessage: [Function: OutgoingMessage],
            Server: [Function: Server],
            ServerResponse: [Function: ServerResponse],
            createServer: [Function: createServer],
            validateHeaderName: [Function: __node_internal_],
            validateHeaderValue: [Function: __node_internal_],
            get: [Function: get],
            request: [Function: request],
            setMaxIdleHTTPParsers: [Function: setMaxIdleHTTPParsers],
            maxHeaderSize: [Getter],
            globalAgent: [Getter/Setter]
          },
          'https:': {
            Agent: [Function: Agent],
            globalAgent: [Agent],
            Server: [Function: Server],
            createServer: [Function: createServer],
            get: [Function: get],
            request: [Function: request]
          }
        },
        pathname: '/users/login'
      },
      _ended: true,
      _ending: true,
      _redirectCount: 0,
      _redirects: [],
      _requestBodyLength: 49,
      _requestBodyBuffers: [],
      _onNativeResponse: [Function (anonymous)],
      _currentRequest: [Circular *3],
      _currentUrl: 'http://localhost:3000/users/login',
      [Symbol(kCapture)]: false
    },
    [Symbol(kCapture)]: false,
    [Symbol(kBytesWritten)]: 0,
    [Symbol(kEndCalled)]: true,
    [Symbol(kNeedDrain)]: false,
    [Symbol(corked)]: 0,
    [Symbol(kOutHeaders)]: [Object: null prototype] {
      accept: [ 'Accept', 'application/json, text/plain, */*' ],
      'content-type': [ 'Content-Type', 'application/json' ],
      'user-agent': [ 'User-Agent', 'axios/1.2.2' ],
      'content-length': [ 'Content-Length', '49' ],
      'accept-encoding': [ 'Accept-Encoding', 'gzip, compress, deflate, br' ],
      host: [ 'Host', 'localhost:3000' ]
    },
    [Symbol(kUniqueHeaders)]: null
  },
  response: {
    status: 401,
    statusText: 'Unauthorized',
    headers: AxiosHeaders {
      'x-powered-by': 'Express',
      'access-control-allow-origin': '*',
      'content-type': 'application/json; charset=utf-8',
      'content-length': '26',
      etag: 'W/"1a-uFcJ9RiXMWeHF66JNghVckzTmcM"',
      date: 'Thu, 19 Jan 2023 02:32:30 GMT',
      connection: 'keep-alive',
      'keep-alive': 'timeout=5'
    },
    config: {
      transitional: {
        silentJSONParsing: true,
        forcedJSONParsing: true,
        clarifyTimeoutError: false
      },
      adapter: [ 'xhr', 'http' ],
      transformRequest: [ [Function: transformRequest] ],
      transformResponse: [ [Function: transformResponse] ],
      timeout: 0,
      xsrfCookieName: 'XSRF-TOKEN',
      xsrfHeaderName: 'X-XSRF-TOKEN',
      maxContentLength: -1,
      maxBodyLength: -1,
      env: {
        FormData: [Function: FormData] {
          LINE_BREAK: '\r\n',
          DEFAULT_CONTENT_TYPE: 'application/octet-stream'
        },
        Blob: [class Blob]
      },
      validateStatus: [Function: validateStatus],
      headers: AxiosHeaders {
        Accept: 'application/json, text/plain, */*',
        'Content-Type': 'application/json',
        'User-Agent': 'axios/1.2.2',
        'Content-Length': '49',
        'Accept-Encoding': 'gzip, compress, deflate, br'
      },
      method: 'post',
      url: 'http:localhost:3000/users/login',
      data: '{"email":"anya@gmail.com","password":"passwordx"}'
    },
    request: <ref *3> ClientRequest {
      _events: [Object: null prototype] {
        abort: [Function (anonymous)],
        aborted: [Function (anonymous)],
        connect: [Function (anonymous)],
        error: [Function (anonymous)],
        socket: [Function (anonymous)],
        timeout: [Function (anonymous)],
        finish: [Function: requestOnFinish]
      },
      _eventsCount: 7,
      _maxListeners: undefined,
      outputData: [],
      outputSize: 0,
      writable: true,
      destroyed: true,
      _last: false,
      chunkedEncoding: false,
      shouldKeepAlive: true,
      maxRequestsOnConnectionReached: false,
      _defaultKeepAlive: true,
      useChunkedEncodingByDefault: true,
      sendDate: false,
      _removedConnection: false,
      _removedContLen: false,
      _removedTE: false,
      strictContentLength: false,
      _contentLength: '49',
      _hasBody: true,
      _trailer: '',
      finished: true,
      _headerSent: true,
      _closed: true,
      socket: <ref *1> Socket {
        connecting: false,
        _hadError: false,
        _parent: null,
        _host: 'localhost',
        _closeAfterHandlingError: false,
        _readableState: ReadableState {
          objectMode: false,
          highWaterMark: 16384,
          buffer: BufferList { head: null, tail: null, length: 0 },
          length: 0,
          pipes: [],
          flowing: true,
          ended: false,
          endEmitted: false,
          reading: true,
          constructed: true,
          sync: false,
          needReadable: true,
          emittedReadable: false,
          readableListening: false,
          resumeScheduled: false,
          errorEmitted: false,
          emitClose: false,
          autoDestroy: true,
          destroyed: false,
          errored: null,
          closed: false,
          closeEmitted: false,
          defaultEncoding: 'utf8',
          awaitDrainWriters: null,
          multiAwaitDrain: false,
          readingMore: false,
          dataEmitted: true,
          decoder: null,
          encoding: null,
          [Symbol(kPaused)]: false
        },
        _events: [Object: null prototype] {
          end: [Function: onReadableStreamEnd],
          free: [Function: onFree],
          close: [Function: onClose],
          timeout: [Function: onTimeout],
          agentRemove: [Function: onRemove],
          error: [Function: bound onceWrapper] {
            listener: [Function: freeSocketErrorListener]
          }
        },
        _eventsCount: 6,
        _maxListeners: undefined,
        _writableState: WritableState {
          objectMode: false,
          highWaterMark: 16384,
          finalCalled: false,
          needDrain: false,
          ending: false,
          ended: false,
          finished: false,
          destroyed: false,
          decodeStrings: false,
          defaultEncoding: 'utf8',
          length: 0,
          writing: false,
          corked: 0,
          sync: false,
          bufferProcessing: false,
          onwrite: [Function: bound onwrite],
          writecb: null,
          writelen: 0,
          afterWriteTickInfo: null,
          buffered: [],
          bufferedIndex: 0,
          allBuffers: true,
          allNoop: true,
          pendingcb: 0,
          constructed: true,
          prefinished: false,
          errorEmitted: false,
          emitClose: false,
          autoDestroy: true,
          errored: null,
          closed: false,
          closeEmitted: false,
          [Symbol(kOnFinished)]: []
        },
        allowHalfOpen: false,
        _sockname: null,
        _pendingData: null,
        _pendingEncoding: '',
        server: null,
        _server: null,
        timeout: 5000,
        parser: null,
        _httpMessage: null,
        [Symbol(async_id_symbol)]: -1,
        [Symbol(kHandle)]: TCP {
          reading: true,
          onconnection: null,
          [Symbol(owner_symbol)]: [Circular *1]
        },
        [Symbol(lastWriteQueueSize)]: 0,
        [Symbol(timeout)]: <ref *2> Timeout {
          _idleTimeout: 5000,
          _idlePrev: TimersList {
            _idleNext: [Circular *2],
            _idlePrev: [Circular *2],
            expiry: 5058,
            id: -9007199254740991,
            msecs: 5000,
            priorityQueuePosition: 1
          },
          _idleNext: TimersList {
            _idleNext: [Circular *2],
            _idlePrev: [Circular *2],
            expiry: 5058,
            id: -9007199254740991,
            msecs: 5000,
            priorityQueuePosition: 1
          },
          _idleStart: 115,
          _onTimeout: [Function: bound ],
          _timerArgs: undefined,
          _repeat: null,
          _destroyed: false,
          [Symbol(refed)]: false,
          [Symbol(kHasPrimitive)]: false,
          [Symbol(asyncId)]: 22,
          [Symbol(triggerId)]: 20
        },
        [Symbol(kBuffer)]: null,
        [Symbol(kBufferCb)]: null,
        [Symbol(kBufferGen)]: null,
        [Symbol(kCapture)]: false,
        [Symbol(kSetNoDelay)]: true,
        [Symbol(kSetKeepAlive)]: true,
        [Symbol(kSetKeepAliveInitialDelay)]: 1,
        [Symbol(kBytesRead)]: 0,
        [Symbol(kBytesWritten)]: 0
      },
      _header: 'POST /users/login HTTP/1.1\r\n' +
        'Accept: application/json, text/plain, */*\r\n' +
        'Content-Type: application/json\r\n' +
        'User-Agent: axios/1.2.2\r\n' +
        'Content-Length: 49\r\n' +
        'Accept-Encoding: gzip, compress, deflate, br\r\n' +
        'Host: localhost:3000\r\n' +
        'Connection: keep-alive\r\n' +
        '\r\n',
      _keepAliveTimeout: 0,
      _onPendingData: [Function: nop],
      agent: Agent {
        _events: [Object: null prototype] {
          free: [Function (anonymous)],
          newListener: [Function: maybeEnableKeylog]
        },
        _eventsCount: 2,
        _maxListeners: undefined,
        defaultPort: 80,
        protocol: 'http:',
        options: [Object: null prototype] {
          keepAlive: true,
          scheduling: 'lifo',
          timeout: 5000,
          noDelay: true,
          path: null
        },
        requests: [Object: null prototype] {},
        sockets: [Object: null prototype] {},
        freeSockets: [Object: null prototype] { 'localhost:3000:': [ [Socket] ] },
        keepAliveMsecs: 1000,
        keepAlive: true,
        maxSockets: Infinity,
        maxFreeSockets: 256,
        scheduling: 'lifo',
        maxTotalSockets: Infinity,
        totalSocketCount: 1,
        [Symbol(kCapture)]: false
      },
      socketPath: undefined,
      method: 'POST',
      maxHeaderSize: undefined,
      insecureHTTPParser: undefined,
      path: '/users/login',
      _ended: true,
      res: IncomingMessage {
        _readableState: ReadableState {
          objectMode: false,
          highWaterMark: 16384,
          buffer: BufferList { head: null, tail: null, length: 0 },
          length: 0,
          pipes: [],
          flowing: true,
          ended: true,
          endEmitted: true,
          reading: false,
          constructed: true,
          sync: true,
          needReadable: false,
          emittedReadable: false,
          readableListening: false,
          resumeScheduled: false,
          errorEmitted: false,
          emitClose: true,
          autoDestroy: true,
          destroyed: true,
          errored: null,
          closed: true,
          closeEmitted: true,
          defaultEncoding: 'utf8',
          awaitDrainWriters: null,
          multiAwaitDrain: false,
          readingMore: true,
          dataEmitted: true,
          decoder: null,
          encoding: null,
          [Symbol(kPaused)]: false
        },
        _events: [Object: null prototype] {
          end: [ [Function: responseOnEnd], [Function: handleStreamEnd] ],
          error: [Function: handleStreamError],
          data: [Function: handleStreamData],
          aborted: [Function: handlerStreamAborted]
        },
        _eventsCount: 4,
        _maxListeners: undefined,
        socket: null,
        httpVersionMajor: 1,
        httpVersionMinor: 1,
        httpVersion: '1.1',
        complete: true,
        rawHeaders: [
          'X-Powered-By',
          'Express',
          'Access-Control-Allow-Origin',
          '*',
          'Content-Type',
          'application/json; charset=utf-8',
          'Content-Length',
          '26',
          'ETag',
          'W/"1a-uFcJ9RiXMWeHF66JNghVckzTmcM"',
          'Date',
          'Thu, 19 Jan 2023 02:32:30 GMT',
          'Connection',
          'keep-alive',
          'Keep-Alive',
          'timeout=5'
        ],
        rawTrailers: [],
        aborted: false,
        upgrade: false,
        url: '',
        method: null,
        statusCode: 401,
        statusMessage: 'Unauthorized',
        client: <ref *1> Socket {
          connecting: false,
          _hadError: false,
          _parent: null,
          _host: 'localhost',
          _closeAfterHandlingError: false,
          _readableState: ReadableState {
            objectMode: false,
            highWaterMark: 16384,
            buffer: [BufferList],
            length: 0,
            pipes: [],
            flowing: true,
            ended: false,
            endEmitted: false,
            reading: true,
            constructed: true,
            sync: false,
            needReadable: true,
            emittedReadable: false,
            readableListening: false,
            resumeScheduled: false,
            errorEmitted: false,
            emitClose: false,
            autoDestroy: true,
            destroyed: false,
            errored: null,
            closed: false,
            closeEmitted: false,
            defaultEncoding: 'utf8',
            awaitDrainWriters: null,
            multiAwaitDrain: false,
            readingMore: false,
            dataEmitted: true,
            decoder: null,
            encoding: null,
            [Symbol(kPaused)]: false
          },
          _events: [Object: null prototype] {
            end: [Function: onReadableStreamEnd],
            free: [Function: onFree],
            close: [Function: onClose],
            timeout: [Function: onTimeout],
            agentRemove: [Function: onRemove],
            error: [Function]
          },
          _eventsCount: 6,
          _maxListeners: undefined,
          _writableState: WritableState {
            objectMode: false,
            highWaterMark: 16384,
            finalCalled: false,
            needDrain: false,
            ending: false,
            ended: false,
            finished: false,
            destroyed: false,
            decodeStrings: false,
            defaultEncoding: 'utf8',
            length: 0,
            writing: false,
            corked: 0,
            sync: false,
            bufferProcessing: false,
            onwrite: [Function: bound onwrite],
            writecb: null,
            writelen: 0,
            afterWriteTickInfo: null,
            buffered: [],
            bufferedIndex: 0,
            allBuffers: true,
            allNoop: true,
            pendingcb: 0,
            constructed: true,
            prefinished: false,
            errorEmitted: false,
            emitClose: false,
            autoDestroy: true,
            errored: null,
            closed: false,
            closeEmitted: false,
            [Symbol(kOnFinished)]: []
          },
          allowHalfOpen: false,
          _sockname: null,
          _pendingData: null,
          _pendingEncoding: '',
          server: null,
          _server: null,
          timeout: 5000,
          parser: null,
          _httpMessage: null,
          [Symbol(async_id_symbol)]: -1,
          [Symbol(kHandle)]: TCP {
            reading: true,
            onconnection: null,
            [Symbol(owner_symbol)]: [Circular *1]
          },
          [Symbol(lastWriteQueueSize)]: 0,
          [Symbol(timeout)]: <ref *2> Timeout {
            _idleTimeout: 5000,
            _idlePrev: [TimersList],
            _idleNext: [TimersList],
            _idleStart: 115,
            _onTimeout: [Function: bound ],
            _timerArgs: undefined,
            _repeat: null,
            _destroyed: false,
            [Symbol(refed)]: false,
            [Symbol(kHasPrimitive)]: false,
            [Symbol(asyncId)]: 22,
            [Symbol(triggerId)]: 20
          },
          [Symbol(kBuffer)]: null,
          [Symbol(kBufferCb)]: null,
          [Symbol(kBufferGen)]: null,
          [Symbol(kCapture)]: false,
          [Symbol(kSetNoDelay)]: true,
          [Symbol(kSetKeepAlive)]: true,
          [Symbol(kSetKeepAliveInitialDelay)]: 1,
          [Symbol(kBytesRead)]: 0,
          [Symbol(kBytesWritten)]: 0
        },
        _consuming: false,
        _dumped: false,
        req: [Circular *3],
        responseUrl: 'http://localhost:3000/users/login',
        redirects: [],
        [Symbol(kCapture)]: false,
        [Symbol(kHeaders)]: {
          'x-powered-by': 'Express',
          'access-control-allow-origin': '*',
          'content-type': 'application/json; charset=utf-8',
          'content-length': '26',
          etag: 'W/"1a-uFcJ9RiXMWeHF66JNghVckzTmcM"',
          date: 'Thu, 19 Jan 2023 02:32:30 GMT',
          connection: 'keep-alive',
          'keep-alive': 'timeout=5'
        },
        [Symbol(kHeadersCount)]: 16,
        [Symbol(kTrailers)]: null,
        [Symbol(kTrailersCount)]: 0
      },
      aborted: false,
      timeoutCb: null,
      upgradeOrConnect: false,
      parser: null,
      maxHeadersCount: null,
      reusedSocket: false,
      host: 'localhost',
      protocol: 'http:',
      _redirectable: Writable {
        _writableState: WritableState {
          objectMode: false,
          highWaterMark: 16384,
          finalCalled: false,
          needDrain: false,
          ending: false,
          ended: false,
          finished: false,
          destroyed: false,
          decodeStrings: true,
          defaultEncoding: 'utf8',
          length: 0,
          writing: false,
          corked: 0,
          sync: true,
          bufferProcessing: false,
          onwrite: [Function: bound onwrite],
          writecb: null,
          writelen: 0,
          afterWriteTickInfo: null,
          buffered: [],
          bufferedIndex: 0,
          allBuffers: true,
          allNoop: true,
          pendingcb: 0,
          constructed: true,
          prefinished: false,
          errorEmitted: false,
          emitClose: true,
          autoDestroy: true,
          errored: null,
          closed: false,
          closeEmitted: false,
          [Symbol(kOnFinished)]: []
        },
        _events: [Object: null prototype] {
          response: [Function: handleResponse],
          error: [Function: handleRequestError],
          socket: [Function: handleRequestSocket]
        },
        _eventsCount: 3,
        _maxListeners: undefined,
        _options: {
          maxRedirects: 21,
          maxBodyLength: Infinity,
          protocol: 'http:',
          path: '/users/login',
          method: 'POST',
          headers: [Object: null prototype] {
            Accept: 'application/json, text/plain, */*',
            'Content-Type': 'application/json',
            'User-Agent': 'axios/1.2.2',
            'Content-Length': '49',
            'Accept-Encoding': 'gzip, compress, deflate, br'
          },
          agents: { http: undefined, https: undefined },
          auth: undefined,
          beforeRedirect: [Function: dispatchBeforeRedirect],
          beforeRedirects: { proxy: [Function: beforeRedirect] },
          hostname: 'localhost',
          port: '3000',
          agent: undefined,
          nativeProtocols: { 'http:': [Object], 'https:': [Object] },
          pathname: '/users/login'
        },
        _ended: true,
        _ending: true,
        _redirectCount: 0,
        _redirects: [],
        _requestBodyLength: 49,
        _requestBodyBuffers: [],
        _onNativeResponse: [Function (anonymous)],
        _currentRequest: [Circular *3],
        _currentUrl: 'http://localhost:3000/users/login',
        [Symbol(kCapture)]: false
      },
      [Symbol(kCapture)]: false,
      [Symbol(kBytesWritten)]: 0,
      [Symbol(kEndCalled)]: true,
      [Symbol(kNeedDrain)]: false,
      [Symbol(corked)]: 0,
      [Symbol(kOutHeaders)]: [Object: null prototype] {
        accept: [ 'Accept', 'application/json, text/plain, */*' ],
        'content-type': [ 'Content-Type', 'application/json' ],
        'user-agent': [ 'User-Agent', 'axios/1.2.2' ],
        'content-length': [ 'Content-Length', '49' ],
        'accept-encoding': [ 'Accept-Encoding', 'gzip, compress, deflate, br' ],
        host: [ 'Host', 'localhost:3000' ]
      },
      [Symbol(kUniqueHeaders)]: null
    },
    data: { message: 'unauthorized' }
  }
}

Node.js v19.0.1
